{"uid":"106e02d9ad0abf5d","name":"Verify the user should not be able to login to Respond.Io with invalid username","fullName":"Verify User is able to Login on the Website, Add 1 product in the cart and then Checkout: Verify the user should not be able to login to Respond.Io with invalid username","historyId":"1b78cd7c746b21b8d5a9903b51250930","time":{"start":1722778112997,"stop":1722778123192,"duration":10195},"status":"broken","statusMessage":"Expected condition failed: waiting for visibility of element located by By.xpath: //input[@id='input-7'] (tried for 10 second(s) with 500 milliseconds interval)\nBuild info: version: '4.11.0', revision: '040bc5406b'\nSystem info: os.name: 'Windows 11', os.arch: 'amd64', os.version: '10.0', java.version: '22.0.2'\nDriver info: org.openqa.selenium.chrome.ChromeDriver\nCapabilities {acceptInsecureCerts: false, browserName: chrome, browserVersion: 127.0.6533.89, chrome: {chromedriverVersion: 127.0.6533.88 (a2d0cb026721..., userDataDir: C:\\Users\\FaizaS\\AppData\\Loc...}, fedcm:accounts: true, goog:chromeOptions: {debuggerAddress: localhost:56272}, networkConnectionEnabled: false, pageLoadStrategy: normal, platformName: windows, proxy: Proxy(), se:cdp: ws://localhost:56272/devtoo..., se:cdpVersion: 127.0.6533.89, setWindowRect: true, strictFileInteractability: false, timeouts: {implicit: 0, pageLoad: 300000, script: 30000}, unhandledPromptBehavior: dismiss and notify, webauthn:extension:credBlob: true, webauthn:extension:largeBlob: true, webauthn:extension:minPinLength: true, webauthn:extension:prf: true, webauthn:virtualAuthenticators: true}\nSession ID: 23cfbd93bf11f0184812dc1407fe9807","statusTrace":"org.openqa.selenium.TimeoutException: Expected condition failed: waiting for visibility of element located by By.xpath: //input[@id='input-7'] (tried for 10 second(s) with 500 milliseconds interval)\nBuild info: version: '4.11.0', revision: '040bc5406b'\nSystem info: os.name: 'Windows 11', os.arch: 'amd64', os.version: '10.0', java.version: '22.0.2'\nDriver info: org.openqa.selenium.chrome.ChromeDriver\nCapabilities {acceptInsecureCerts: false, browserName: chrome, browserVersion: 127.0.6533.89, chrome: {chromedriverVersion: 127.0.6533.88 (a2d0cb026721..., userDataDir: C:\\Users\\FaizaS\\AppData\\Loc...}, fedcm:accounts: true, goog:chromeOptions: {debuggerAddress: localhost:56272}, networkConnectionEnabled: false, pageLoadStrategy: normal, platformName: windows, proxy: Proxy(), se:cdp: ws://localhost:56272/devtoo..., se:cdpVersion: 127.0.6533.89, setWindowRect: true, strictFileInteractability: false, timeouts: {implicit: 0, pageLoad: 300000, script: 30000}, unhandledPromptBehavior: dismiss and notify, webauthn:extension:credBlob: true, webauthn:extension:largeBlob: true, webauthn:extension:minPinLength: true, webauthn:extension:prf: true, webauthn:virtualAuthenticators: true}\nSession ID: 23cfbd93bf11f0184812dc1407fe9807\r\n\tat org.openqa.selenium.support.ui.WebDriverWait.timeoutException(WebDriverWait.java:84)\r\n\tat org.openqa.selenium.support.ui.FluentWait.until(FluentWait.java:230)\r\n\tat Utils.CommonFunctionalities.enterTextInFieldFromPropertiesFile(CommonFunctionalities.java:41)\r\n\tat Pages.PageClass.enterTextInFieldFromProperties(PageClass.java:37)\r\n\tat StepDefination.SDClass.userEnterInvalidTextInUsernameField(SDClass.java:113)\r\n\tat ✽.user enter invalid text in username field(file:///C:/Users/FaizaS/Documents/Assessment/Selenium_BDD_Automation_Framework-master/Selenium_BDD_Automation_Framework-master/src/test/resources/Features/Features.feature:29)\r\n","flaky":false,"newFailed":false,"newBroken":false,"newPassed":false,"retriesCount":0,"retriesStatusChange":false,"beforeStages":[],"testStage":{"status":"broken","statusMessage":"Expected condition failed: waiting for visibility of element located by By.xpath: //input[@id='input-7'] (tried for 10 second(s) with 500 milliseconds interval)\nBuild info: version: '4.11.0', revision: '040bc5406b'\nSystem info: os.name: 'Windows 11', os.arch: 'amd64', os.version: '10.0', java.version: '22.0.2'\nDriver info: org.openqa.selenium.chrome.ChromeDriver\nCapabilities {acceptInsecureCerts: false, browserName: chrome, browserVersion: 127.0.6533.89, chrome: {chromedriverVersion: 127.0.6533.88 (a2d0cb026721..., userDataDir: C:\\Users\\FaizaS\\AppData\\Loc...}, fedcm:accounts: true, goog:chromeOptions: {debuggerAddress: localhost:56272}, networkConnectionEnabled: false, pageLoadStrategy: normal, platformName: windows, proxy: Proxy(), se:cdp: ws://localhost:56272/devtoo..., se:cdpVersion: 127.0.6533.89, setWindowRect: true, strictFileInteractability: false, timeouts: {implicit: 0, pageLoad: 300000, script: 30000}, unhandledPromptBehavior: dismiss and notify, webauthn:extension:credBlob: true, webauthn:extension:largeBlob: true, webauthn:extension:minPinLength: true, webauthn:extension:prf: true, webauthn:virtualAuthenticators: true}\nSession ID: 23cfbd93bf11f0184812dc1407fe9807","statusTrace":"org.openqa.selenium.TimeoutException: Expected condition failed: waiting for visibility of element located by By.xpath: //input[@id='input-7'] (tried for 10 second(s) with 500 milliseconds interval)\nBuild info: version: '4.11.0', revision: '040bc5406b'\nSystem info: os.name: 'Windows 11', os.arch: 'amd64', os.version: '10.0', java.version: '22.0.2'\nDriver info: org.openqa.selenium.chrome.ChromeDriver\nCapabilities {acceptInsecureCerts: false, browserName: chrome, browserVersion: 127.0.6533.89, chrome: {chromedriverVersion: 127.0.6533.88 (a2d0cb026721..., userDataDir: C:\\Users\\FaizaS\\AppData\\Loc...}, fedcm:accounts: true, goog:chromeOptions: {debuggerAddress: localhost:56272}, networkConnectionEnabled: false, pageLoadStrategy: normal, platformName: windows, proxy: Proxy(), se:cdp: ws://localhost:56272/devtoo..., se:cdpVersion: 127.0.6533.89, setWindowRect: true, strictFileInteractability: false, timeouts: {implicit: 0, pageLoad: 300000, script: 30000}, unhandledPromptBehavior: dismiss and notify, webauthn:extension:credBlob: true, webauthn:extension:largeBlob: true, webauthn:extension:minPinLength: true, webauthn:extension:prf: true, webauthn:virtualAuthenticators: true}\nSession ID: 23cfbd93bf11f0184812dc1407fe9807\r\n\tat org.openqa.selenium.support.ui.WebDriverWait.timeoutException(WebDriverWait.java:84)\r\n\tat org.openqa.selenium.support.ui.FluentWait.until(FluentWait.java:230)\r\n\tat Utils.CommonFunctionalities.enterTextInFieldFromPropertiesFile(CommonFunctionalities.java:41)\r\n\tat Pages.PageClass.enterTextInFieldFromProperties(PageClass.java:37)\r\n\tat StepDefination.SDClass.userEnterInvalidTextInUsernameField(SDClass.java:113)\r\n\tat ✽.user enter invalid text in username field(file:///C:/Users/FaizaS/Documents/Assessment/Selenium_BDD_Automation_Framework-master/Selenium_BDD_Automation_Framework-master/src/test/resources/Features/Features.feature:29)\r\n","steps":[{"name":"When  user enter invalid text in username field","time":{"start":1722778112997,"stop":1722778123029,"duration":10032},"status":"broken","statusMessage":"Expected condition failed: waiting for visibility of element located by By.xpath: //input[@id='input-7'] (tried for 10 second(s) with 500 milliseconds interval)\nBuild info: version: '4.11.0', revision: '040bc5406b'\nSystem info: os.name: 'Windows 11', os.arch: 'amd64', os.version: '10.0', java.version: '22.0.2'\nDriver info: org.openqa.selenium.chrome.ChromeDriver\nCapabilities {acceptInsecureCerts: false, browserName: chrome, browserVersion: 127.0.6533.89, chrome: {chromedriverVersion: 127.0.6533.88 (a2d0cb026721..., userDataDir: C:\\Users\\FaizaS\\AppData\\Loc...}, fedcm:accounts: true, goog:chromeOptions: {debuggerAddress: localhost:56272}, networkConnectionEnabled: false, pageLoadStrategy: normal, platformName: windows, proxy: Proxy(), se:cdp: ws://localhost:56272/devtoo..., se:cdpVersion: 127.0.6533.89, setWindowRect: true, strictFileInteractability: false, timeouts: {implicit: 0, pageLoad: 300000, script: 30000}, unhandledPromptBehavior: dismiss and notify, webauthn:extension:credBlob: true, webauthn:extension:largeBlob: true, webauthn:extension:minPinLength: true, webauthn:extension:prf: true, webauthn:virtualAuthenticators: true}\nSession ID: 23cfbd93bf11f0184812dc1407fe9807","statusTrace":"org.openqa.selenium.TimeoutException: Expected condition failed: waiting for visibility of element located by By.xpath: //input[@id='input-7'] (tried for 10 second(s) with 500 milliseconds interval)\nBuild info: version: '4.11.0', revision: '040bc5406b'\nSystem info: os.name: 'Windows 11', os.arch: 'amd64', os.version: '10.0', java.version: '22.0.2'\nDriver info: org.openqa.selenium.chrome.ChromeDriver\nCapabilities {acceptInsecureCerts: false, browserName: chrome, browserVersion: 127.0.6533.89, chrome: {chromedriverVersion: 127.0.6533.88 (a2d0cb026721..., userDataDir: C:\\Users\\FaizaS\\AppData\\Loc...}, fedcm:accounts: true, goog:chromeOptions: {debuggerAddress: localhost:56272}, networkConnectionEnabled: false, pageLoadStrategy: normal, platformName: windows, proxy: Proxy(), se:cdp: ws://localhost:56272/devtoo..., se:cdpVersion: 127.0.6533.89, setWindowRect: true, strictFileInteractability: false, timeouts: {implicit: 0, pageLoad: 300000, script: 30000}, unhandledPromptBehavior: dismiss and notify, webauthn:extension:credBlob: true, webauthn:extension:largeBlob: true, webauthn:extension:minPinLength: true, webauthn:extension:prf: true, webauthn:virtualAuthenticators: true}\nSession ID: 23cfbd93bf11f0184812dc1407fe9807\r\n\tat org.openqa.selenium.support.ui.WebDriverWait.timeoutException(WebDriverWait.java:84)\r\n\tat org.openqa.selenium.support.ui.FluentWait.until(FluentWait.java:230)\r\n\tat Utils.CommonFunctionalities.enterTextInFieldFromPropertiesFile(CommonFunctionalities.java:41)\r\n\tat Pages.PageClass.enterTextInFieldFromProperties(PageClass.java:37)\r\n\tat StepDefination.SDClass.userEnterInvalidTextInUsernameField(SDClass.java:113)\r\n\tat ✽.user enter invalid text in username field(file:///C:/Users/FaizaS/Documents/Assessment/Selenium_BDD_Automation_Framework-master/Selenium_BDD_Automation_Framework-master/src/test/resources/Features/Features.feature:29)\r\n","steps":[],"attachments":[],"parameters":[],"attachmentsCount":0,"shouldDisplayMessage":true,"stepsCount":0,"attachmentStep":false,"hasContent":true},{"name":"When  user enter text in password field","time":{"start":1722778123029,"stop":1722778123029,"duration":0},"status":"skipped","steps":[],"attachments":[],"parameters":[],"attachmentsCount":0,"shouldDisplayMessage":false,"stepsCount":0,"attachmentStep":false,"hasContent":false},{"name":"Then  user click on the \"SignIn_Button\"","time":{"start":1722778123029,"stop":1722778123031,"duration":2},"status":"skipped","steps":[],"attachments":[],"parameters":[],"attachmentsCount":0,"shouldDisplayMessage":false,"stepsCount":0,"attachmentStep":false,"hasContent":false},{"name":"Given  user Close The Browser","time":{"start":1722778123031,"stop":1722778123031,"duration":0},"status":"skipped","steps":[],"attachments":[],"parameters":[],"attachmentsCount":0,"shouldDisplayMessage":false,"stepsCount":0,"attachmentStep":false,"hasContent":false}],"attachments":[],"parameters":[],"attachmentsCount":0,"shouldDisplayMessage":false,"stepsCount":4,"attachmentStep":false,"hasContent":true},"afterStages":[{"name":"StepDefination.SDClass.TearDown(io.cucumber.java.Scenario)","time":{"start":1722778123032,"stop":1722778123190,"duration":158},"status":"passed","steps":[],"attachments":[{"uid":"3bc1b629ed7b803c","name":"Failed Screenshot","source":"3bc1b629ed7b803c.png","type":"image/png","size":124646}],"parameters":[],"attachmentsCount":1,"shouldDisplayMessage":false,"stepsCount":0,"attachmentStep":false,"hasContent":true}],"labels":[{"name":"tag","value":"InValidLogin"},{"name":"host","value":"Mash-PF4DB93G"},{"name":"thread","value":"35732@Mash-PF4DB93G.main(1)"},{"name":"feature","value":"Verify User is able to Login on the Website, Add 1 product in the cart and then Checkout"},{"name":"story","value":"Verify the user should not be able to login to Respond.Io with invalid username"},{"name":"suite","value":"Verify User is able to Login on the Website, Add 1 product in the cart and then Checkout"},{"name":"testClass","value":"Verify the user should not be able to login to Respond.Io with invalid username"},{"name":"framework","value":"cucumber4jvm"},{"name":"language","value":"java"},{"name":"gherkin_uri","value":"file:///C:/Users/FaizaS/Documents/Assessment/Selenium_BDD_Automation_Framework-master/Selenium_BDD_Automation_Framework-master/src/test/resources/Features/Features.feature"},{"name":"package","value":"src.test.resources.Features.Features_feature.Verify User is able to Login on the Website, Add 1 product in the cart and then Checkout"},{"name":"resultFormat","value":"allure2"}],"parameters":[],"links":[],"hidden":false,"retry":false,"extra":{"severity":"normal","retries":[],"categories":[{"name":"Test defects","matchedStatuses":[],"flaky":false}],"tags":["InValidLogin"]},"source":"106e02d9ad0abf5d.json","parameterValues":[]}